11:46:39.024 [main                     ] DEBUG Logger               - Configured Logger
11:46:39.035 [main                     ] DEBUG GameApplication      - Logging settings
Title: Vitreus Odyssey
Version: 1.0.0
Width: 2100
Height: 1120
Fullscreen: false
Intro: false
Profiling: false
Single step:false
App Mode: RELEASE
Menu Key: ESCAPE
Stage Style: DECORATED
Scene Factory: class firstgame.FirstGame$1

11:46:40.917 [JavaFX Application Thread] DEBUG FXGLApplication      - Initializing FXGL
11:46:40.929 [JavaFX Application Thread] INFO  Engine               - FXGL-11.14 (01.03.2021 16.59) on WINDOWS (J:13 FX:15)
11:46:40.929 [JavaFX Application Thread] DEBUG Engine               - JRE Vendor Name: Oracle Corporation
11:46:40.930 [JavaFX Application Thread] DEBUG Engine               - Running on OS: Windows 10 version 10.0
11:46:40.930 [JavaFX Application Thread] DEBUG Engine               - Architecture: amd64
11:46:40.930 [JavaFX Application Thread] INFO  Engine               - Source code and latest versions at: https://github.com/AlmasB/FXGL
11:46:40.931 [JavaFX Application Thread] INFO  Engine               -              Join the FXGL chat at: https://gitter.im/AlmasB/FXGL
11:46:41.028 [JavaFX Application Thread] DEBUG PrimaryStageWindow   - Creating a JavaFX scene
11:46:41.187 [JavaFX Application Thread] DEBUG PrimaryStageWindow   - Target settings size: 2100.0 x 1120.0
11:46:41.192 [JavaFX Application Thread] DEBUG PrimaryStageWindow   - Scaled scene size:    2100.0 x 1120.0
11:46:41.192 [JavaFX Application Thread] DEBUG PrimaryStageWindow   - Scaled ratio: (1.0, 1.0)
11:46:41.195 [JavaFX Application Thread] DEBUG PrimaryStageWindow   - Set initial scene to FXGLStartupScene
11:46:41.206 [JavaFX Application Thread] DEBUG PrimaryStageWindow   - Opening main window
11:46:41.381 [JavaFX Application Thread] DEBUG PrimaryStageWindow   - Window border size: (16.0, 39.0)
11:46:41.382 [JavaFX Application Thread] DEBUG PrimaryStageWindow   - Scaled size: 2100.0 x 1120.0
11:46:41.382 [JavaFX Application Thread] DEBUG PrimaryStageWindow   - Scaled ratio: (1.0, 1.0)
11:46:41.382 [JavaFX Application Thread] DEBUG PrimaryStageWindow   - Scene size: 2100.0 x 1120.0
11:46:41.382 [JavaFX Application Thread] DEBUG PrimaryStageWindow   - Stage size: 2116.0 x 1159.0
11:46:41.389 [FXGL Background Thread 1 ] DEBUG Engine               - Initializing environment variables
11:46:41.501 [FXGL Background Thread 1 ] DEBUG FXGLAssetLoaderServi - User app class for loading assets: class firstgame.FirstGame
11:46:41.501 [FXGL Background Thread 1 ] DEBUG GameApplicationServi - Applying CSS: fxgl_dark.css
11:46:41.502 [FXGL Background Thread 1 ] DEBUG FXGLAssetLoaderServi - Loading from file system: jar:file:/C:/Users/Lorenzo/.m2/repository/com/github/almasb/fxgl/11.14/fxgl-11.14.jar!/fxglassets/ui/css/fxgl_dark.css
11:46:41.546 [FXGL Background Thread 1 ] DEBUG GameApplicationServi - Initializing application scenes
11:46:41.641 [FXGL Background Thread 1 ] DEBUG GameWorld            - Game world initialized
11:46:41.695 [FXGL Background Thread 1 ] DEBUG PhysicsWorld         - Physics world initialized: appHeight=1120, physics.ppm=50,0
11:46:41.695 [FXGL Background Thread 1 ] DEBUG PhysicsWorld         - Using strategy: BRUTE_FORCE
11:46:41.698 [FXGL Background Thread 1 ] DEBUG GameScene            - Game scene initialized: 2100x1120
11:46:41.779 [FXGL Background Thread 1 ] DEBUG FXGLAssetLoaderServi - Loading from file system: jar:file:/C:/Users/Lorenzo/.m2/repository/com/github/almasb/fxgl/11.14/fxgl-11.14.jar!/fxglassets/textures/particles/trace_horizontal.png
11:46:41.999 [FXGL Background Thread 1 ] DEBUG FXGL.DefaultMenu     - createMenuBodyMainMenu()
11:46:42.081 [FXGL Background Thread 1 ] DEBUG FXGL.DefaultMenu     - createOptionsMenu()
11:46:42.085 [FXGL Background Thread 1 ] DEBUG FXGL.DefaultMenu     - createExtraMenu()
11:46:42.089 [FXGL Background Thread 1 ] DEBUG FXGLAssetLoaderServi - Loading from file system: jar:file:/C:/Users/Lorenzo/.m2/repository/com/github/almasb/fxgl/11.14/fxgl-11.14.jar!/fxglassets/textures/particles/smoke.png
11:46:42.153 [FXGL Background Thread 1 ] DEBUG GameApplicationServi - Application scenes initialized
11:46:42.164 [FXGL Background Thread 1 ] DEBUG SystemBundleService  - Loading FXGL system data
11:46:42.195 [FXGL Background Thread 1 ] DEBUG FileSystemAccess     - Reading from: C:\Users\Lorenzo\Desktop\2dPlatformGame\system\fxgl.bundle
11:46:42.218 [FXGL Background Thread 1 ] DEBUG SystemBundleService  - Bundle FXGL: {}
11:46:42.221 [FXGL Background Thread 3 ] DEBUG FXGLApplication      - Loading fonts
11:46:42.221 [FXGL Background Thread 1 ] DEBUG FXGLApplication      - Loading default localization
11:46:42.222 [FXGL Background Thread 1 ] DEBUG FXGLAssetLoaderServi - Loading from file system: jar:file:/C:/Users/Lorenzo/.m2/repository/com/github/almasb/fxgl/11.14/fxgl-11.14.jar!/fxglassets/languages/english.lang
11:46:42.241 [FXGL Background Thread 3 ] DEBUG FXGLAssetLoaderServi - Loading from file system: jar:file:/C:/Users/Lorenzo/.m2/repository/com/github/almasb/fxgl/11.14/fxgl-11.14.jar!/fxglassets/ui/fonts/VarelaRound-Regular.ttf
11:46:42.463 [FXGL Background Thread 1 ] INFO  FXGLApplication      - FXGL initialization took: 1,073 sec
11:46:42.491 [JavaFX Application Thread] DEBUG Input                - Registered new binding: Left - A
11:46:42.492 [JavaFX Application Thread] DEBUG Input                - Registered new binding: Right - D
11:46:42.492 [JavaFX Application Thread] DEBUG Input                - Registered new binding: Jump - W
11:46:42.492 [JavaFX Application Thread] DEBUG Input                - Registered new binding: Save - F
11:46:42.493 [JavaFX Application Thread] DEBUG Input                - Registered new binding: Load - G
11:46:42.503 [JavaFX Application Thread] DEBUG FXGLAssetLoaderServi - Loading from file system: jar:file:/C:/Users/Lorenzo/.m2/repository/com/github/almasb/fxgl/11.14/fxgl-11.14.jar!/fxglassets/textures/fxgl_icon.png
11:46:42.584 [JavaFX Application Thread] DEBUG FXGLAssetLoaderServi - Loading from file system: jar:file:/C:/Users/Lorenzo/.m2/repository/com/github/almasb/fxgl/11.14/fxgl-11.14.jar!/fxglassets/ui/cursors/fxgl_default.png
11:46:42.587 [JavaFX Application Thread] DEBUG Input                - Registered new binding: Screenshot - P
11:46:42.589 [JavaFX Application Thread] DEBUG LoopRunner           - Starting loop
11:46:42.589 [JavaFX Application Thread] DEBUG LoopRunner           - Initializing JavaFX AnimationTimerLoop
11:46:42.640 [JavaFX Application Thread] DEBUG Input                - Clearing active input actions
11:46:42.646 [JavaFX Application Thread] DEBUG GameApplicationServi - Removing overlay from FXGLStartupScene and adding to FXGLMainMenuDummyScene
11:46:42.646 [JavaFX Application Thread] DEBUG PrimaryStageWindow   - FXGLStartupScene -> FXGLMainMenuDummyScene
11:46:42.646 [JavaFX Application Thread] DEBUG PrimaryStageWindow   - Push state: FXGLDefaultMenu
11:46:42.650 [JavaFX Application Thread] DEBUG Input                - Clearing active input actions
11:46:42.659 [JavaFX Application Thread] DEBUG GameApplicationServi - Removing overlay from FXGLMainMenuDummyScene and adding to FXGLDefaultMenu
11:46:42.660 [JavaFX Application Thread] DEBUG PrimaryStageWindow   - FXGLMainMenuDummyScene -> FXGLDefaultMenu
11:46:43.199 [FXGL Background Thread 3 ] DEBUG FXGLAssetLoaderServi - Loading from file system: jar:file:/C:/Users/Lorenzo/.m2/repository/com/github/almasb/fxgl/11.14/fxgl-11.14.jar!/fxglassets/ui/fonts/Abel-Regular.ttf
11:46:43.201 [FXGL Background Thread 3 ] DEBUG FXGLAssetLoaderServi - Loading from file system: jar:file:/C:/Users/Lorenzo/.m2/repository/com/github/almasb/fxgl/11.14/fxgl-11.14.jar!/fxglassets/ui/fonts/lucida_console.ttf
11:46:43.210 [FXGL Background Thread 3 ] DEBUG FXGLAssetLoaderServi - Loading from file system: jar:file:/C:/Users/Lorenzo/.m2/repository/com/github/almasb/fxgl/11.14/fxgl-11.14.jar!/fxglassets/ui/fonts/Courier-Prime.ttf
11:46:43.269 [JavaFX Application Thread] DEBUG FXGLApplication      - Registering font factories with UI factory
11:46:45.221 [FXGL Background Thread 2 ] DEBUG Engine               - Logging environment variables
11:46:45.222 [FXGL Background Thread 2 ] DEBUG Engine               - achievements: []
11:46:45.223 [FXGL Background Thread 2 ] DEBUG Engine               - actualHeight: 1120.0
11:46:45.223 [FXGL Background Thread 2 ] DEBUG Engine               - actualHeightProperty: ReadOnlyDoubleProperty [value: 1120.0]
11:46:45.223 [FXGL Background Thread 2 ] DEBUG Engine               - actualWidth: 2100.0
11:46:45.223 [FXGL Background Thread 2 ] DEBUG Engine               - actualWidthProperty: ReadOnlyDoubleProperty [value: 2100.0]
11:46:45.224 [FXGL Background Thread 2 ] DEBUG Engine               - appIcon: fxgl_icon.png
11:46:45.224 [FXGL Background Thread 2 ] DEBUG Engine               - applicationMode: RELEASE
11:46:45.224 [FXGL Background Thread 2 ] DEBUG Engine               - cSSList: [fxgl_dark.css]
11:46:45.224 [FXGL Background Thread 2 ] DEBUG Engine               - collisionDetectionStrategy: BRUTE_FORCE
11:46:45.224 [FXGL Background Thread 2 ] DEBUG Engine               - configClass: Optional.empty
11:46:45.224 [FXGL Background Thread 2 ] DEBUG Engine               - credits: []
11:46:45.228 [FXGL Background Thread 2 ] DEBUG Engine               - devBBoxColorProperty: ObjectProperty [value: 0xff0000ff]
11:46:45.228 [FXGL Background Thread 2 ] DEBUG Engine               - devEnableDebugCameraProperty: BooleanProperty [value: false]
11:46:45.229 [FXGL Background Thread 2 ] DEBUG Engine               - devSensorColorProperty: ObjectProperty [value: 0xffff00ff]
11:46:45.229 [FXGL Background Thread 2 ] DEBUG Engine               - devShowBBoxProperty: BooleanProperty [value: false]
11:46:45.229 [FXGL Background Thread 2 ] DEBUG Engine               - devShowPositionProperty: BooleanProperty [value: false]
11:46:45.245 [FXGL Background Thread 2 ] DEBUG Engine               - enabledMenuItems: [SAVE_LOAD, EXTRA, ONLINE]
11:46:45.245 [FXGL Background Thread 2 ] DEBUG Engine               - engineServices: [class com.almasb.fxgl.app.services.FXGLAssetLoaderService, class com.almasb.fxgl.app.FXGLApplication$GameApplicationService, class com.almasb.fxgl.app.services.FXGLDialogService, class com.almasb.fxgl.app.services.IOTaskExecutorService, class com.almasb.fxgl.event.EventBusService, class com.almasb.fxgl.io.FileSystemService, class com.almasb.fxgl.localization.LocalizationService, class com.almasb.fxgl.app.services.SystemBundleService, class com.almasb.fxgl.profile.SaveLoadService, class com.almasb.fxgl.ui.FXGLUIFactoryServiceProvider, class com.almasb.fxgl.ui.FXGLDialogFactoryServiceProvider, class com.almasb.fxgl.audio.AudioPlayer, class com.almasb.fxgl.notification.impl.NotificationServiceProvider, class com.almasb.fxgl.achievement.AchievementService, class com.almasb.fxgl.cutscene.CutsceneService, class com.almasb.fxgl.minigames.MiniGameService, class com.almasb.fxgl.net.NetService, class com.almasb.fxgl.app.services.UpdaterService, class com.almasb.fxgl.dev.DevService]
11:46:45.245 [FXGL Background Thread 2 ] DEBUG Engine               - fontGame: Abel-Regular.ttf
11:46:45.245 [FXGL Background Thread 2 ] DEBUG Engine               - fontMono: lucida_console.ttf
11:46:45.245 [FXGL Background Thread 2 ] DEBUG Engine               - fontText: Courier-Prime.ttf
11:46:45.245 [FXGL Background Thread 2 ] DEBUG Engine               - fontUI: VarelaRound-Regular.ttf
11:46:45.245 [FXGL Background Thread 2 ] DEBUG Engine               - fullScreen: BooleanProperty [value: false]
11:46:45.245 [FXGL Background Thread 2 ] DEBUG Engine               - gameDifficulty: MEDIUM
11:46:45.247 [FXGL Background Thread 2 ] DEBUG Engine               - gameDifficultyProperty: ObjectProperty [value: MEDIUM]
11:46:45.247 [FXGL Background Thread 2 ] DEBUG Engine               - globalMusicVolume: 0.5
11:46:45.248 [FXGL Background Thread 2 ] DEBUG Engine               - globalMusicVolumeProperty: DoubleProperty [value: 0.5]
11:46:45.248 [FXGL Background Thread 2 ] DEBUG Engine               - globalSoundVolume: 0.5
11:46:45.249 [FXGL Background Thread 2 ] DEBUG Engine               - globalSoundVolumeProperty: DoubleProperty [value: 0.5]
11:46:45.249 [FXGL Background Thread 2 ] DEBUG Engine               - height: 1120
11:46:45.249 [FXGL Background Thread 2 ] DEBUG Engine               - isAndroid: false
11:46:45.249 [FXGL Background Thread 2 ] DEBUG Engine               - isBrowser: false
11:46:45.249 [FXGL Background Thread 2 ] DEBUG Engine               - isClickFeedbackEnabled: false
11:46:45.249 [FXGL Background Thread 2 ] DEBUG Engine               - isCloseConfirmation: false
11:46:45.249 [FXGL Background Thread 2 ] DEBUG Engine               - isDesktop: true
11:46:45.249 [FXGL Background Thread 2 ] DEBUG Engine               - isDeveloperMenuEnabled: false
11:46:45.249 [FXGL Background Thread 2 ] DEBUG Engine               - isEntityPreloadEnabled: true
11:46:45.250 [FXGL Background Thread 2 ] DEBUG Engine               - isExperimental3D: false
11:46:45.250 [FXGL Background Thread 2 ] DEBUG Engine               - isExperimentalNative: false
11:46:45.250 [FXGL Background Thread 2 ] DEBUG Engine               - isExperimentalTiledLargeMap: false
11:46:45.250 [FXGL Background Thread 2 ] DEBUG Engine               - isFileSystemWriteAllowed: true
11:46:45.251 [FXGL Background Thread 2 ] DEBUG Engine               - isFullScreenAllowed: false
11:46:45.251 [FXGL Background Thread 2 ] DEBUG Engine               - isFullScreenFromStart: false
11:46:45.251 [FXGL Background Thread 2 ] DEBUG Engine               - isGameMenuEnabled: true
11:46:45.251 [FXGL Background Thread 2 ] DEBUG Engine               - isIOS: false
11:46:45.251 [FXGL Background Thread 2 ] DEBUG Engine               - isIntroEnabled: false
11:46:45.251 [FXGL Background Thread 2 ] DEBUG Engine               - isLinux: false
11:46:45.251 [FXGL Background Thread 2 ] DEBUG Engine               - isMac: false
11:46:45.251 [FXGL Background Thread 2 ] DEBUG Engine               - isMainMenuEnabled: true
11:46:45.251 [FXGL Background Thread 2 ] DEBUG Engine               - isManualResizeEnabled: false
11:46:45.251 [FXGL Background Thread 2 ] DEBUG Engine               - isMobile: false
11:46:45.251 [FXGL Background Thread 2 ] DEBUG Engine               - isPreserveResizeRatio: false
11:46:45.252 [FXGL Background Thread 2 ] DEBUG Engine               - isProfilingEnabled: false
11:46:45.252 [FXGL Background Thread 2 ] DEBUG Engine               - isScaleAffectedOnResize: true
11:46:45.252 [FXGL Background Thread 2 ] DEBUG Engine               - isSingleStep: false
11:46:45.252 [FXGL Background Thread 2 ] DEBUG Engine               - isUserProfileEnabled: false
11:46:45.253 [FXGL Background Thread 2 ] DEBUG Engine               - isWindows: true
11:46:45.254 [FXGL Background Thread 2 ] DEBUG Engine               - language: ObjectProperty [value: ENGLISH]
11:46:45.254 [FXGL Background Thread 2 ] DEBUG Engine               - menuKey: ESCAPE
11:46:45.254 [FXGL Background Thread 2 ] DEBUG Engine               - notificationViewClass: class com.almasb.fxgl.notification.view.XboxNotificationView
11:46:45.255 [FXGL Background Thread 2 ] DEBUG Engine               - pixelsPerMeter: 50.0
11:46:45.255 [FXGL Background Thread 2 ] DEBUG Engine               - platform: WINDOWS
11:46:45.255 [FXGL Background Thread 2 ] DEBUG Engine               - prefHeightProperty: ReadOnlyDoubleProperty [value: 1120.0]
11:46:45.255 [FXGL Background Thread 2 ] DEBUG Engine               - prefWidthProperty: ReadOnlyDoubleProperty [value: 2100.0]
11:46:45.255 [FXGL Background Thread 2 ] DEBUG Engine               - profileDir: profiles/
11:46:45.255 [FXGL Background Thread 2 ] DEBUG Engine               - profileName: StringProperty [value: DEFAULT]
11:46:45.255 [FXGL Background Thread 2 ] DEBUG Engine               - randomSeed: -1
11:46:45.255 [FXGL Background Thread 2 ] DEBUG Engine               - runtimeInfo: RuntimeInfo(platform=WINDOWS, version=11.14, build=01.03.2021 16.59)
11:46:45.255 [FXGL Background Thread 2 ] DEBUG Engine               - saveFileExt: sav
11:46:45.255 [FXGL Background Thread 2 ] DEBUG Engine               - scaledHeightProp$fxgl: DoubleProperty [bound, value: 1120.0]
11:46:45.256 [FXGL Background Thread 2 ] DEBUG Engine               - scaledWidthProp$fxgl: DoubleProperty [bound, value: 2100.0]
11:46:45.256 [FXGL Background Thread 2 ] DEBUG Engine               - sceneFactory: firstgame.FirstGame$1@7e804a7b
11:46:45.256 [FXGL Background Thread 2 ] DEBUG Engine               - secondsIn24h: 60
11:46:45.257 [FXGL Background Thread 2 ] DEBUG Engine               - soundMenuBack: menu/back.wav
11:46:45.257 [FXGL Background Thread 2 ] DEBUG Engine               - soundMenuPress: menu/press.wav
11:46:45.257 [FXGL Background Thread 2 ] DEBUG Engine               - soundMenuSelect: menu/select.wav
11:46:45.257 [FXGL Background Thread 2 ] DEBUG Engine               - soundNotification: core/notification.wav
11:46:45.257 [FXGL Background Thread 2 ] DEBUG Engine               - stageStyle: DECORATED
11:46:45.257 [FXGL Background Thread 2 ] DEBUG Engine               - supportedLanguages: [ENGLISH, FRENCH, GERMAN, HUNGARIAN, RUSSIAN]
11:46:45.258 [FXGL Background Thread 2 ] DEBUG Engine               - ticksPerSecond: -1
11:46:45.258 [FXGL Background Thread 2 ] DEBUG Engine               - title: Vitreus Odyssey
11:46:45.258 [FXGL Background Thread 2 ] DEBUG Engine               - urlGithub: https://github.com/AlmasB/FXGL
11:46:45.258 [FXGL Background Thread 2 ] DEBUG Engine               - urlLeaderboard: http://fxgl-top.herokuapp.com/
11:46:45.258 [FXGL Background Thread 2 ] DEBUG Engine               - urlPOM: https://raw.githubusercontent.com/AlmasB/FXGL/release/README.md
11:46:45.259 [FXGL Background Thread 2 ] DEBUG Engine               - userAppClass: class firstgame.FirstGame
11:46:45.259 [FXGL Background Thread 2 ] DEBUG Engine               - version: 1.0.0
11:46:45.259 [FXGL Background Thread 2 ] DEBUG Engine               - versionCheckDays: 7
11:46:45.259 [FXGL Background Thread 2 ] DEBUG Engine               - width: 2100
11:46:45.259 [FXGL Background Thread 2 ] DEBUG Engine               - Logging services
11:46:45.259 [FXGL Background Thread 2 ] DEBUG Engine               - class com.almasb.fxgl.app.services.FXGLAssetLoaderService
11:46:45.259 [FXGL Background Thread 2 ] DEBUG Engine               - class com.almasb.fxgl.app.FXGLApplication$GameApplicationService
11:46:45.259 [FXGL Background Thread 2 ] DEBUG Engine               - class com.almasb.fxgl.app.services.FXGLDialogService
11:46:45.259 [FXGL Background Thread 2 ] DEBUG Engine               - class com.almasb.fxgl.app.services.IOTaskExecutorService
11:46:45.259 [FXGL Background Thread 2 ] DEBUG Engine               - class com.almasb.fxgl.event.EventBusService
11:46:45.259 [FXGL Background Thread 2 ] DEBUG Engine               - class com.almasb.fxgl.io.FileSystemService
11:46:45.261 [FXGL Background Thread 2 ] DEBUG Engine               - class com.almasb.fxgl.localization.LocalizationService
11:46:45.261 [FXGL Background Thread 2 ] DEBUG Engine               - class com.almasb.fxgl.app.services.SystemBundleService
11:46:45.261 [FXGL Background Thread 2 ] DEBUG Engine               - class com.almasb.fxgl.profile.SaveLoadService
11:46:45.261 [FXGL Background Thread 2 ] DEBUG Engine               - class com.almasb.fxgl.ui.FXGLUIFactoryServiceProvider
11:46:45.262 [FXGL Background Thread 2 ] DEBUG Engine               - class com.almasb.fxgl.ui.FXGLDialogFactoryServiceProvider
11:46:45.262 [FXGL Background Thread 2 ] DEBUG Engine               - class com.almasb.fxgl.audio.AudioPlayer
11:46:45.262 [FXGL Background Thread 2 ] DEBUG Engine               - class com.almasb.fxgl.notification.impl.NotificationServiceProvider
11:46:45.262 [FXGL Background Thread 2 ] DEBUG Engine               - class com.almasb.fxgl.achievement.AchievementService
11:46:45.262 [FXGL Background Thread 2 ] DEBUG Engine               - class com.almasb.fxgl.cutscene.CutsceneService
11:46:45.262 [FXGL Background Thread 2 ] DEBUG Engine               - class com.almasb.fxgl.minigames.MiniGameService
11:46:45.262 [FXGL Background Thread 2 ] DEBUG Engine               - class com.almasb.fxgl.net.NetService
11:46:45.263 [FXGL Background Thread 2 ] DEBUG Engine               - class com.almasb.fxgl.app.services.UpdaterService
11:46:45.263 [FXGL Background Thread 2 ] DEBUG Engine               - class com.almasb.fxgl.dev.DevService
11:46:46.548 [JavaFX Application Thread] DEBUG FXGLApplication      - Exiting FXGL
11:46:46.548 [JavaFX Application Thread] DEBUG LoopRunner           - Stopping loop
11:46:46.548 [JavaFX Application Thread] DEBUG SystemBundleService  - Saving FXGL system data
11:46:46.572 [JavaFX Application Thread] DEBUG FileSystemAccess     - Writing to: C:\Users\Lorenzo\Desktop\2dPlatformGame\system\fxgl.bundle
11:46:46.613 [JavaFX Application Thread] DEBUG Async                - Shutting down background threads
11:46:46.613 [JavaFX Application Thread] DEBUG PrimaryStageWindow   - Closing main window
11:46:46.663 [JavaFX Application Thread] DEBUG Logger               - Closing Logger
