18:45:42.301 [main                     ] DEBUG Logger               - Configured Logger
18:45:42.313 [main                     ] DEBUG GameApplication      - Logging settings
Title: Goblin Adventures
Version: 1.0.0
Width: 2100
Height: 1120
Fullscreen: false
Intro: false
Profiling: false
Single step:false
App Mode: RELEASE
Menu Key: ESCAPE
Stage Style: DECORATED
Scene Factory: class firstgame.FirstGame$1

18:45:42.383 [JavaFX Application Thread] DEBUG FXGLApplication      - Initializing FXGL
18:45:42.385 [JavaFX Application Thread] INFO  Engine               - FXGL-11.14 (01.03.2021 16.59) on WINDOWS (J:13 FX:15)
18:45:42.385 [JavaFX Application Thread] DEBUG Engine               - JRE Vendor Name: Oracle Corporation
18:45:42.385 [JavaFX Application Thread] DEBUG Engine               - Running on OS: Windows 10 version 10.0
18:45:42.386 [JavaFX Application Thread] DEBUG Engine               - Architecture: amd64
18:45:42.386 [JavaFX Application Thread] INFO  Engine               - Source code and latest versions at: https://github.com/AlmasB/FXGL
18:45:42.386 [JavaFX Application Thread] INFO  Engine               -              Join the FXGL chat at: https://gitter.im/AlmasB/FXGL
18:45:42.427 [JavaFX Application Thread] DEBUG PrimaryStageWindow   - Creating a JavaFX scene
18:45:42.466 [JavaFX Application Thread] DEBUG PrimaryStageWindow   - Target settings size: 2100.0 x 1120.0
18:45:42.466 [JavaFX Application Thread] DEBUG PrimaryStageWindow   - Scaled scene size:    2100.0 x 1120.0
18:45:42.466 [JavaFX Application Thread] DEBUG PrimaryStageWindow   - Scaled ratio: (1.0, 1.0)
18:45:42.467 [JavaFX Application Thread] DEBUG PrimaryStageWindow   - Set initial scene to FXGLStartupScene
18:45:42.472 [JavaFX Application Thread] DEBUG PrimaryStageWindow   - Opening main window
18:45:42.542 [JavaFX Application Thread] DEBUG PrimaryStageWindow   - Window border size: (16.0, 39.0)
18:45:42.542 [JavaFX Application Thread] DEBUG PrimaryStageWindow   - Scaled size: 2100.0 x 1120.0
18:45:42.542 [JavaFX Application Thread] DEBUG PrimaryStageWindow   - Scaled ratio: (1.0, 1.0)
18:45:42.542 [JavaFX Application Thread] DEBUG PrimaryStageWindow   - Scene size: 2100.0 x 1120.0
18:45:42.542 [JavaFX Application Thread] DEBUG PrimaryStageWindow   - Stage size: 2116.0 x 1159.0
18:45:42.548 [FXGL Background Thread 1 ] DEBUG Engine               - Initializing environment variables
18:45:42.591 [FXGL Background Thread 1 ] DEBUG FXGLAssetLoaderServi - User app class for loading assets: class firstgame.FirstGame
18:45:42.592 [FXGL Background Thread 1 ] DEBUG GameApplicationServi - Applying CSS: fxgl_dark.css
18:45:42.593 [FXGL Background Thread 1 ] DEBUG FXGLAssetLoaderServi - Loading from file system: jar:file:/C:/Users/Lorenzo/Desktop/2dPlatformGame/gioco%20jar/giocoPlatform.jar!/fxglassets/ui/css/fxgl_dark.css
18:45:42.649 [FXGL Background Thread 1 ] DEBUG GameApplicationServi - Initializing application scenes
18:45:42.720 [FXGL Background Thread 1 ] DEBUG GameWorld            - Game world initialized
18:45:42.773 [FXGL Background Thread 1 ] DEBUG PhysicsWorld         - Physics world initialized: appHeight=1120, physics.ppm=50,0
18:45:42.773 [FXGL Background Thread 1 ] DEBUG PhysicsWorld         - Using strategy: BRUTE_FORCE
18:45:42.775 [FXGL Background Thread 1 ] DEBUG GameScene            - Game scene initialized: 2100x1120
18:45:42.808 [FXGL Background Thread 1 ] DEBUG FXGLAssetLoaderServi - Loading from file system: jar:file:/C:/Users/Lorenzo/Desktop/2dPlatformGame/gioco%20jar/giocoPlatform.jar!/fxglassets/textures/particles/trace_horizontal.png
18:45:42.852 [FXGL Background Thread 1 ] DEBUG FXGL.DefaultMenu     - createMenuBodyMainMenu()
18:45:42.864 [FXGL Background Thread 1 ] DEBUG FXGL.DefaultMenu     - createOptionsMenu()
18:45:42.868 [FXGL Background Thread 1 ] DEBUG FXGLAssetLoaderServi - Loading from file system: jar:file:/C:/Users/Lorenzo/Desktop/2dPlatformGame/gioco%20jar/giocoPlatform.jar!/fxglassets/textures/particles/smoke.png
18:45:42.917 [FXGL Background Thread 1 ] DEBUG GameApplicationServi - Application scenes initialized
18:45:42.925 [FXGL Background Thread 1 ] DEBUG SystemBundleService  - Loading FXGL system data
18:45:42.928 [FXGL Background Thread 1 ] DEBUG FileSystemAccess     - Reading from: C:\Users\Lorenzo\Desktop\2dPlatformGame\gioco jar\system\fxgl.bundle
18:45:42.933 [FXGL Background Thread 1 ] DEBUG SystemBundleService  - Bundle FXGL: {}
18:45:42.935 [FXGL Background Thread 1 ] DEBUG FXGLApplication      - Loading default localization
18:45:42.935 [FXGL Background Thread 3 ] DEBUG FXGLApplication      - Loading fonts
18:45:42.935 [FXGL Background Thread 1 ] DEBUG FXGLAssetLoaderServi - Loading from file system: jar:file:/C:/Users/Lorenzo/Desktop/2dPlatformGame/gioco%20jar/giocoPlatform.jar!/fxglassets/languages/english.lang
18:45:42.939 [FXGL Background Thread 3 ] DEBUG FXGLAssetLoaderServi - Loading from file system: jar:file:/C:/Users/Lorenzo/Desktop/2dPlatformGame/gioco%20jar/giocoPlatform.jar!/fxglassets/ui/fonts/VarelaRound-Regular.ttf
18:45:42.946 [FXGL Background Thread 1 ] INFO  FXGLApplication      - FXGL initialization took: 0,399 sec
18:45:42.956 [JavaFX Application Thread] DEBUG Input                - Registered new binding: Left - A
18:45:42.957 [JavaFX Application Thread] DEBUG Input                - Registered new binding: Right - D
18:45:42.957 [JavaFX Application Thread] DEBUG Input                - Registered new binding: Jump - W
18:45:42.958 [JavaFX Application Thread] DEBUG FXGLAssetLoaderServi - Loading from file system: jar:file:/C:/Users/Lorenzo/Desktop/2dPlatformGame/gioco%20jar/giocoPlatform.jar!/fxglassets/textures/fxgl_icon.png
18:45:42.971 [JavaFX Application Thread] DEBUG FXGLAssetLoaderServi - Loading from file system: jar:file:/C:/Users/Lorenzo/Desktop/2dPlatformGame/gioco%20jar/giocoPlatform.jar!/fxglassets/ui/cursors/fxgl_default.png
18:45:42.972 [JavaFX Application Thread] DEBUG Input                - Registered new binding: Screenshot - P
18:45:42.974 [JavaFX Application Thread] DEBUG LoopRunner           - Starting loop
18:45:42.974 [JavaFX Application Thread] DEBUG LoopRunner           - Initializing JavaFX AnimationTimerLoop
18:45:42.976 [JavaFX Application Thread] DEBUG Input                - Clearing active input actions
18:45:42.982 [JavaFX Application Thread] DEBUG GameApplicationServi - Removing overlay from FXGLStartupScene and adding to FXGLMainMenuDummyScene
18:45:42.982 [JavaFX Application Thread] DEBUG PrimaryStageWindow   - FXGLStartupScene -> FXGLMainMenuDummyScene
18:45:42.982 [JavaFX Application Thread] DEBUG PrimaryStageWindow   - Push state: FXGLDefaultMenu
18:45:42.986 [JavaFX Application Thread] DEBUG Input                - Clearing active input actions
18:45:42.992 [JavaFX Application Thread] DEBUG GameApplicationServi - Removing overlay from FXGLMainMenuDummyScene and adding to FXGLDefaultMenu
18:45:42.993 [JavaFX Application Thread] DEBUG PrimaryStageWindow   - FXGLMainMenuDummyScene -> FXGLDefaultMenu
18:45:43.532 [FXGL Background Thread 3 ] DEBUG FXGLAssetLoaderServi - Loading from file system: jar:file:/C:/Users/Lorenzo/Desktop/2dPlatformGame/gioco%20jar/giocoPlatform.jar!/fxglassets/ui/fonts/Abel-Regular.ttf
18:45:43.539 [FXGL Background Thread 3 ] DEBUG FXGLAssetLoaderServi - Loading from file system: jar:file:/C:/Users/Lorenzo/Desktop/2dPlatformGame/gioco%20jar/giocoPlatform.jar!/fxglassets/ui/fonts/lucida_console.ttf
18:45:43.589 [FXGL Background Thread 3 ] DEBUG FXGLAssetLoaderServi - Loading from file system: jar:file:/C:/Users/Lorenzo/Desktop/2dPlatformGame/gioco%20jar/giocoPlatform.jar!/fxglassets/ui/fonts/Courier-Prime.ttf
18:45:43.608 [JavaFX Application Thread] DEBUG FXGLApplication      - Registering font factories with UI factory
18:45:45.640 [JavaFX Application Thread] DEBUG FXGLApplication      - Exiting FXGL
18:45:45.640 [JavaFX Application Thread] DEBUG LoopRunner           - Stopping loop
18:45:45.641 [JavaFX Application Thread] DEBUG SystemBundleService  - Saving FXGL system data
18:45:45.642 [JavaFX Application Thread] DEBUG FileSystemAccess     - Writing to: C:\Users\Lorenzo\Desktop\2dPlatformGame\gioco jar\system\fxgl.bundle
18:45:45.644 [JavaFX Application Thread] DEBUG Async                - Shutting down background threads
18:45:45.644 [JavaFX Application Thread] DEBUG PrimaryStageWindow   - Closing main window
18:45:45.655 [JavaFX Application Thread] DEBUG Logger               - Closing Logger
